<?xml version="1.0" encoding="UTF-8"?>
<testsuite xmlns:xsi="http://www.w3.org/2001/XMLSchema-instance" xsi:noNamespaceSchemaLocation="https://maven.apache.org/surefire/maven-surefire-plugin/xsd/surefire-test-report.xsd" name="com.ontariotechu.sofe3980U.AppTest" time="0.025" tests="1" errors="0" skipped="0" failures="0">
  <properties>
    <property name="java.specification.version" value="21"/>
    <property name="sun.cpu.isalist" value="amd64"/>
    <property name="sun.jnu.encoding" value="Cp1252"/>
    <property name="java.class.path" value="C:\Users\anujs\Documents\University of Ontario Work\Software Project Management Labs\Lab 4\SOFE3980U-Lab4\SVCR\target\test-classes;C:\Users\anujs\Documents\University of Ontario Work\Software Project Management Labs\Lab 4\SOFE3980U-Lab4\SVCR\target\classes;C:\Users\anujs\.m2\repository\junit\junit\4.11\junit-4.11.jar;C:\Users\anujs\.m2\repository\org\hamcrest\hamcrest-core\1.3\hamcrest-core-1.3.jar;C:\Users\anujs\.m2\repository\com\opencsv\opencsv\4.1\opencsv-4.1.jar;C:\Users\anujs\.m2\repository\org\apache\commons\commons-lang3\3.6\commons-lang3-3.6.jar;C:\Users\anujs\.m2\repository\org\apache\commons\commons-text\1.1\commons-text-1.1.jar;C:\Users\anujs\.m2\repository\commons-beanutils\commons-beanutils\1.9.3\commons-beanutils-1.9.3.jar;C:\Users\anujs\.m2\repository\commons-logging\commons-logging\1.2\commons-logging-1.2.jar;C:\Users\anujs\.m2\repository\commons-collections\commons-collections\3.2.2\commons-collections-3.2.2.jar;"/>
    <property name="java.vm.vendor" value="Oracle Corporation"/>
    <property name="sun.arch.data.model" value="64"/>
    <property name="user.variant" value=""/>
    <property name="java.vendor.url" value="https://java.oracle.com/"/>
    <property name="user.timezone" value="America/Toronto"/>
    <property name="os.name" value="Windows 11"/>
    <property name="java.vm.specification.version" value="21"/>
    <property name="sun.java.launcher" value="SUN_STANDARD"/>
    <property name="user.country" value="CA"/>
    <property name="sun.boot.library.path" value="C:\Program Files\Java\jdk-21\bin"/>
    <property name="sun.java.command" value="C:\Users\anujs\AppData\Local\Temp\surefire13488724767099589750\surefirebooter3653923684840338840.jar C:\Users\anujs\AppData\Local\Temp\surefire13488724767099589750 2025-03-11T00-41-34_382-jvmRun1 surefire5729733881932254506tmp surefire_0464885937287381778tmp"/>
    <property name="jdk.debug" value="release"/>
    <property name="surefire.test.class.path" value="C:\Users\anujs\Documents\University of Ontario Work\Software Project Management Labs\Lab 4\SOFE3980U-Lab4\SVCR\target\test-classes;C:\Users\anujs\Documents\University of Ontario Work\Software Project Management Labs\Lab 4\SOFE3980U-Lab4\SVCR\target\classes;C:\Users\anujs\.m2\repository\junit\junit\4.11\junit-4.11.jar;C:\Users\anujs\.m2\repository\org\hamcrest\hamcrest-core\1.3\hamcrest-core-1.3.jar;C:\Users\anujs\.m2\repository\com\opencsv\opencsv\4.1\opencsv-4.1.jar;C:\Users\anujs\.m2\repository\org\apache\commons\commons-lang3\3.6\commons-lang3-3.6.jar;C:\Users\anujs\.m2\repository\org\apache\commons\commons-text\1.1\commons-text-1.1.jar;C:\Users\anujs\.m2\repository\commons-beanutils\commons-beanutils\1.9.3\commons-beanutils-1.9.3.jar;C:\Users\anujs\.m2\repository\commons-logging\commons-logging\1.2\commons-logging-1.2.jar;C:\Users\anujs\.m2\repository\commons-collections\commons-collections\3.2.2\commons-collections-3.2.2.jar;"/>
    <property name="sun.cpu.endian" value="little"/>
    <property name="user.home" value="C:\Users\anujs"/>
    <property name="user.language" value="en"/>
    <property name="java.specification.vendor" value="Oracle Corporation"/>
    <property name="java.version.date" value="2023-10-17"/>
    <property name="java.home" value="C:\Program Files\Java\jdk-21"/>
    <property name="file.separator" value="\"/>
    <property name="basedir" value="C:\Users\anujs\Documents\University of Ontario Work\Software Project Management Labs\Lab 4\SOFE3980U-Lab4\SVCR"/>
    <property name="java.vm.compressedOopsMode" value="Zero based"/>
    <property name="line.separator" value="&#10;"/>
    <property name="java.vm.specification.vendor" value="Oracle Corporation"/>
    <property name="java.specification.name" value="Java Platform API Specification"/>
    <property name="surefire.real.class.path" value="C:\Users\anujs\AppData\Local\Temp\surefire13488724767099589750\surefirebooter3653923684840338840.jar"/>
    <property name="user.script" value=""/>
    <property name="sun.management.compiler" value="HotSpot 64-Bit Tiered Compilers"/>
    <property name="java.runtime.version" value="21.0.1+12-LTS-29"/>
    <property name="user.name" value="anujs"/>
    <property name="stdout.encoding" value="Cp1252"/>
    <property name="path.separator" value=";"/>
    <property name="os.version" value="10.0"/>
    <property name="java.runtime.name" value="Java(TM) SE Runtime Environment"/>
    <property name="file.encoding" value="UTF-8"/>
    <property name="java.vm.name" value="Java HotSpot(TM) 64-Bit Server VM"/>
    <property name="localRepository" value="C:\Users\anujs\.m2\repository"/>
    <property name="java.vendor.url.bug" value="https://bugreport.java.com/bugreport/"/>
    <property name="java.io.tmpdir" value="C:\Users\anujs\AppData\Local\Temp\"/>
    <property name="java.version" value="21.0.1"/>
    <property name="user.dir" value="C:\Users\anujs\Documents\University of Ontario Work\Software Project Management Labs\Lab 4\SOFE3980U-Lab4\SVCR"/>
    <property name="os.arch" value="amd64"/>
    <property name="java.vm.specification.name" value="Java Virtual Machine Specification"/>
    <property name="sun.os.patch.level" value=""/>
    <property name="native.encoding" value="Cp1252"/>
    <property name="java.library.path" value="C:\Program Files\Java\jdk-21\bin;C:\WINDOWS\Sun\Java\bin;C:\WINDOWS\system32;C:\WINDOWS;C:\msys64\mingw64\bin;C:\TDM-GCC-64\bin;C:\Program Files\NVIDIA GPU Computing Toolkit\CUDA\v12.3\bin;C:\Program Files\NVIDIA GPU Computing Toolkit\CUDA\v12.3\libnvvp;C:\Program Files\Common Files\Oracle\Java\javapath;C:\Program Files\Eclipse Adoptium\jdk-17.0.8.101-hotspot\bin;C:\Windows\system32;C:\Windows;C:\Windows\System32\Wbem;C:\Windows\System32\WindowsPowerShell\v1.0\;C:\Windows\System32\OpenSSH\;C:\Program Files (x86)\NVIDIA Corporation\PhysX\Common;C:\WINDOWS\system32;C:\WINDOWS;C:\WINDOWS\System32\Wbem;C:\WINDOWS\System32\WindowsPowerShell\v1.0\;C:\WINDOWS\System32\OpenSSH\;C:\Program Files\NVIDIA Corporation\Nsight Compute 2023.3.1\;C:\Program Files\Calibre2\;C:\Users\anujs\AppData\Roaming\nvm;C:\Program Files\nodejs;C:\Program Files\Git\cmd;C:\Program Files (x86)\Windows Kits\10\Windows Performance Toolkit\;C:\ProgramData\chocolatey\bin;;C:\Program Files\NVIDIA Corporation\NVIDIA app\NvDLISR;C:\Program Files\Maven\apache-maven-3.9.9\bin;C:\Users\anujs\AppData\Local\Programs\Python\Python312\Scripts\;C:\Users\anujs\AppData\Local\Programs\Python\Python312\;C:\Users\anujs\AppData\Local\Programs\Python\Python39\Scripts\;C:\Users\anujs\AppData\Local\Programs\Python\Python39\;C:\Users\anujs\AppData\Local\Programs\Python\Python313\Scripts\;C:\Users\anujs\AppData\Local\Programs\Python\Python313\;ng\npm;C:\Python27\Scripts;C:\Python27\;C:\Users\anujs\AppData\Local\Programs\Microsoft VS Code\bin;C:\Program Files\heroku\bin;C:\Users\anujs\AppData\Local\Microsoft\WindowsApps;C:\Users\anujs\AppData\Local\GitHubDesktop\bin;C:\Users\anujs\AppData\Local\Google\Cloud SDK\google-cloud-sdk\bin;."/>
    <property name="java.vm.info" value="mixed mode, sharing"/>
    <property name="stderr.encoding" value="Cp1252"/>
    <property name="java.vendor" value="Oracle Corporation"/>
    <property name="java.vm.version" value="21.0.1+12-LTS-29"/>
    <property name="sun.io.unicode.encoding" value="UnicodeLittle"/>
    <property name="java.class.version" value="65.0"/>
  </properties>
  <testcase name="shouldAnswerWithTrue" classname="com.ontariotechu.sofe3980U.AppTest" time="0.003"/>
</testsuite>